This is pdfTeX, Version 3.14159265-2.6-1.40.18 (TeX Live 2017/Debian) (preloaded format=pdflatex 2020.1.24)  1 FEB 2020 14:30
entering extended mode
 restricted \write18 enabled.
 %&-line parsing enabled.
**Vector-Spaces.tex
(./Vector-Spaces.tex
LaTeX2e <2017-04-15>
Babel <3.18> and hyphenation patterns for 5 language(s) loaded.
(/usr/share/texlive/texmf-dist/tex/latex/base/article.cls
Document Class: article 2014/09/29 v1.4h Standard LaTeX document class
(/usr/share/texlive/texmf-dist/tex/latex/base/size10.clo
File: size10.clo 2014/09/29 v1.4h Standard LaTeX file (size option)
)
\c@part=\count79
\c@section=\count80
\c@subsection=\count81
\c@subsubsection=\count82
\c@paragraph=\count83
\c@subparagraph=\count84
\c@figure=\count85
\c@table=\count86
\abovecaptionskip=\skip41
\belowcaptionskip=\skip42
\bibindent=\dimen102
)
(/usr/share/texlive/texmf-dist/tex/latex/amsmath/amsmath.sty
Package: amsmath 2017/09/02 v2.17a AMS math features
\@mathmargin=\skip43

For additional information on amsmath, use the `?' option.
(/usr/share/texlive/texmf-dist/tex/latex/amsmath/amstext.sty
Package: amstext 2000/06/29 v2.01 AMS text

(/usr/share/texlive/texmf-dist/tex/latex/amsmath/amsgen.sty
File: amsgen.sty 1999/11/30 v2.0 generic functions
\@emptytoks=\toks14
\ex@=\dimen103
))
(/usr/share/texlive/texmf-dist/tex/latex/amsmath/amsbsy.sty
Package: amsbsy 1999/11/29 v1.2d Bold Symbols
\pmbraise@=\dimen104
)
(/usr/share/texlive/texmf-dist/tex/latex/amsmath/amsopn.sty
Package: amsopn 2016/03/08 v2.02 operator names
)
\inf@bad=\count87
LaTeX Info: Redefining \frac on input line 213.
\uproot@=\count88
\leftroot@=\count89
LaTeX Info: Redefining \overline on input line 375.
\classnum@=\count90
\DOTSCASE@=\count91
LaTeX Info: Redefining \ldots on input line 472.
LaTeX Info: Redefining \dots on input line 475.
LaTeX Info: Redefining \cdots on input line 596.
\Mathstrutbox@=\box26
\strutbox@=\box27
\big@size=\dimen105
LaTeX Font Info:    Redeclaring font encoding OML on input line 712.
LaTeX Font Info:    Redeclaring font encoding OMS on input line 713.
\macc@depth=\count92
\c@MaxMatrixCols=\count93
\dotsspace@=\muskip10
\c@parentequation=\count94
\dspbrk@lvl=\count95
\tag@help=\toks15
\row@=\count96
\column@=\count97
\maxfields@=\count98
\andhelp@=\toks16
\eqnshift@=\dimen106
\alignsep@=\dimen107
\tagshift@=\dimen108
\tagwidth@=\dimen109
\totwidth@=\dimen110
\lineht@=\dimen111
\@envbody=\toks17
\multlinegap=\skip44
\multlinetaggap=\skip45
\mathdisplay@stack=\toks18
LaTeX Info: Redefining \[ on input line 2817.
LaTeX Info: Redefining \] on input line 2818.
)
(/usr/share/texlive/texmf-dist/tex/latex/graphics/graphicx.sty
Package: graphicx 2017/06/01 v1.1a Enhanced LaTeX Graphics (DPC,SPQR)

(/usr/share/texlive/texmf-dist/tex/latex/graphics/keyval.sty
Package: keyval 2014/10/28 v1.15 key=value parser (DPC)
\KV@toks@=\toks19
)
(/usr/share/texlive/texmf-dist/tex/latex/graphics/graphics.sty
Package: graphics 2017/06/25 v1.2c Standard LaTeX Graphics (DPC,SPQR)

(/usr/share/texlive/texmf-dist/tex/latex/graphics/trig.sty
Package: trig 2016/01/03 v1.10 sin cos tan (DPC)
)
(/usr/share/texlive/texmf-dist/tex/latex/graphics-cfg/graphics.cfg
File: graphics.cfg 2016/06/04 v1.11 sample graphics configuration
)
Package graphics Info: Driver file: pdftex.def on input line 99.

(/usr/share/texlive/texmf-dist/tex/latex/graphics-def/pdftex.def
File: pdftex.def 2018/01/08 v1.0l Graphics/color driver for pdftex
))
\Gin@req@height=\dimen112
\Gin@req@width=\dimen113
)
(./Vector-Spaces.aux)
\openout1 = `Vector-Spaces.aux'.

LaTeX Font Info:    Checking defaults for OML/cmm/m/it on input line 9.
LaTeX Font Info:    ... okay on input line 9.
LaTeX Font Info:    Checking defaults for T1/cmr/m/n on input line 9.
LaTeX Font Info:    ... okay on input line 9.
LaTeX Font Info:    Checking defaults for OT1/cmr/m/n on input line 9.
LaTeX Font Info:    ... okay on input line 9.
LaTeX Font Info:    Checking defaults for OMS/cmsy/m/n on input line 9.
LaTeX Font Info:    ... okay on input line 9.
LaTeX Font Info:    Checking defaults for OMX/cmex/m/n on input line 9.
LaTeX Font Info:    ... okay on input line 9.
LaTeX Font Info:    Checking defaults for U/cmr/m/n on input line 9.
LaTeX Font Info:    ... okay on input line 9.

(/usr/share/texlive/texmf-dist/tex/context/base/mkii/supp-pdf.mkii
[Loading MPS to PDF converter (version 2006.09.02).]
\scratchcounter=\count99
\scratchdimen=\dimen114
\scratchbox=\box28
\nofMPsegments=\count100
\nofMParguments=\count101
\everyMPshowfont=\toks20
\MPscratchCnt=\count102
\MPscratchDim=\dimen115
\MPnumerator=\count103
\makeMPintoPDFobject=\count104
\everyMPtoPDFconversion=\toks21
) (/usr/share/texlive/texmf-dist/tex/latex/oberdiek/epstopdf-base.sty
Package: epstopdf-base 2016/05/15 v2.6 Base part for package epstopdf

(/usr/share/texlive/texmf-dist/tex/generic/oberdiek/infwarerr.sty
Package: infwarerr 2016/05/16 v1.4 Providing info/warning/error messages (HO)
)
(/usr/share/texlive/texmf-dist/tex/latex/oberdiek/grfext.sty
Package: grfext 2016/05/16 v1.2 Manage graphics extensions (HO)

(/usr/share/texlive/texmf-dist/tex/generic/oberdiek/kvdefinekeys.sty
Package: kvdefinekeys 2016/05/16 v1.4 Define keys (HO)

(/usr/share/texlive/texmf-dist/tex/generic/oberdiek/ltxcmds.sty
Package: ltxcmds 2016/05/16 v1.23 LaTeX kernel commands for general use (HO)
)))
(/usr/share/texlive/texmf-dist/tex/latex/oberdiek/kvoptions.sty
Package: kvoptions 2016/05/16 v3.12 Key value format for package options (HO)

(/usr/share/texlive/texmf-dist/tex/generic/oberdiek/kvsetkeys.sty
Package: kvsetkeys 2016/05/16 v1.17 Key value parser (HO)

(/usr/share/texlive/texmf-dist/tex/generic/oberdiek/etexcmds.sty
Package: etexcmds 2016/05/16 v1.6 Avoid name clashes with e-TeX commands (HO)

(/usr/share/texlive/texmf-dist/tex/generic/oberdiek/ifluatex.sty
Package: ifluatex 2016/05/16 v1.4 Provides the ifluatex switch (HO)
Package ifluatex Info: LuaTeX not detected.
)
Package etexcmds Info: Could not find \expanded.
(etexcmds)             That can mean that you are not using pdfTeX 1.50 or
(etexcmds)             that some package has redefined \expanded.
(etexcmds)             In the latter case, load this package earlier.
)))
(/usr/share/texlive/texmf-dist/tex/generic/oberdiek/pdftexcmds.sty
Package: pdftexcmds 2018/01/21 v0.26 Utility functions of pdfTeX for LuaTeX (HO
)

(/usr/share/texlive/texmf-dist/tex/generic/oberdiek/ifpdf.sty
Package: ifpdf 2017/03/15 v3.2 Provides the ifpdf switch
)
Package pdftexcmds Info: LuaTeX not detected.
Package pdftexcmds Info: \pdf@primitive is available.
Package pdftexcmds Info: \pdf@ifprimitive is available.
Package pdftexcmds Info: \pdfdraftmode found.
)
Package epstopdf-base Info: Redefining graphics rule for `.eps' on input line 4
38.
Package grfext Info: Graphics extension search list:
(grfext)             [.pdf,.png,.jpg,.mps,.jpeg,.jbig2,.jb2,.PDF,.PNG,.JPG,.JPE
G,.JBIG2,.JB2,.eps]
(grfext)             \AppendGraphicsExtensions on input line 456.

(/usr/share/texlive/texmf-dist/tex/latex/latexconfig/epstopdf-sys.cfg
File: epstopdf-sys.cfg 2010/07/13 v1.3 Configuration of (r)epstopdf for TeX Liv
e
))
(./Vector-Spaces.toc)
\tf@toc=\write3
\openout3 = `Vector-Spaces.toc'.

 [1

{/var/lib/texmf/fonts/map/pdftex/updmap/pdftex.map}]
LaTeX Font Info:    Try loading font information for OMS+cmr on input line 18.

(/usr/share/texlive/texmf-dist/tex/latex/base/omscmr.fd
File: omscmr.fd 2014/09/29 v2.5h Standard LaTeX font definitions
)
LaTeX Font Info:    Font shape `OMS/cmr/m/n' in size <10> not available
(Font)              Font shape `OMS/cmsy/m/n' tried instead on input line 18.

Underfull \hbox (badness 10000) in paragraph at lines 29--31

 []


Overfull \hbox (15.47556pt too wide) detected at line 55
[]\OML/cmm/m/it/10  \OMS/cmsy/m/n/10 2 \OT1/cmr/bx/n/10 C[]\OML/cmm/m/it/10  
\OMS/cmsy/m/n/10 6\OT1/cmr/m/n/10 = 0[]\OML/cmm/m/it/10 ^^L \OMS/cmsy/m/n/10 2 
\OT1/cmr/bx/n/10 C[]\OML/cmm/m/it/10  \OT1/cmr/m/n/10 + \OML/cmm/m/it/10 ^^L \
OT1/cmr/m/n/10 = 0;
 []


Overfull \hbox (7.69775pt too wide) detected at line 60
[]\OML/cmm/m/it/10  \OMS/cmsy/m/n/10 2 \OT1/cmr/bx/n/10 C[]\OML/cmm/m/it/10  
\OMS/cmsy/m/n/10 6\OT1/cmr/m/n/10 = 0[]\OML/cmm/m/it/10 ^^L \OMS/cmsy/m/n/10 2 
\OT1/cmr/bx/n/10 C[]\OML/cmm/m/it/10 ^^L \OT1/cmr/m/n/10 = 1;
 []

[2] [3]
<geometric-interpretation-of-vectors-1.png, id=21, 292.09125pt x 230.8625pt>
File: geometric-interpretation-of-vectors-1.png Graphic file (type png)
<use geometric-interpretation-of-vectors-1.png>
Package pdftex.def Info: geometric-interpretation-of-vectors-1.png  used on inp
ut line 129.
(pdftex.def)             Requested size: 292.09052pt x 230.86192pt.
<geometric-interpretation-of-vectors-2.png, id=23, 288.07625pt x 192.72pt>
File: geometric-interpretation-of-vectors-2.png Graphic file (type png)
<use geometric-interpretation-of-vectors-2.png>
Package pdftex.def Info: geometric-interpretation-of-vectors-2.png  used on inp
ut line 133.
(pdftex.def)             Requested size: 288.07553pt x 192.71951pt.


LaTeX Warning: `!h' float specifier changed to `!ht'.

<geometric-interpretation-of-vectors-3.png, id=24, 274.02374pt x 197.73875pt>
File: geometric-interpretation-of-vectors-3.png Graphic file (type png)
<use geometric-interpretation-of-vectors-3.png>
Package pdftex.def Info: geometric-interpretation-of-vectors-3.png  used on inp
ut line 137.
(pdftex.def)             Requested size: 274.02307pt x 197.73827pt.

LaTeX Warning: `!h' float specifier changed to `!ht'.

[4 <./geometric-interpretation-of-vectors-1.png>] [5 <./geometric-interpretatio
n-of-vectors-2.png> <./geometric-interpretation-of-vectors-3.png>]
<scalar-vector-multiplication.png, id=34, 278.03876pt x 149.55875pt>
File: scalar-vector-multiplication.png Graphic file (type png)
<use scalar-vector-multiplication.png>
Package pdftex.def Info: scalar-vector-multiplication.png  used on input line 1
55.
(pdftex.def)             Requested size: 278.03807pt x 149.55838pt.

Overfull \hbox (10.9293pt too wide) detected at line 176
\OT1/cmr/m/n/10 (\OML/cmm/m/it/10 u \OT1/cmr/m/n/10 + \OML/cmm/m/it/10 v\OT1/cm
r/m/n/10 ) + \OML/cmm/m/it/10 w \OT1/cmr/m/n/10 = \OML/cmm/m/it/10 u \OT1/cmr/m
/n/10 + (\OML/cmm/m/it/10 v \OT1/cmr/m/n/10 + \OML/cmm/m/it/10 w\OT1/cmr/m/n/10
 )[](\OML/cmm/m/it/10 ab\OT1/cmr/m/n/10 )\OML/cmm/m/it/10 v \OT1/cmr/m/n/10 = \
OML/cmm/m/it/10 a\OT1/cmr/m/n/10 (\OML/cmm/m/it/10 bv\OT1/cmr/m/n/10 )[]\OML/cm
m/m/it/10 u; v; w \OMS/cmsy/m/n/10 2 \OML/cmm/m/it/10 V[]a; b \OMS/cmsy/m/n/10 
2 \OT1/cmr/bx/n/10 F\OT1/cmr/m/n/10 ;
 []

[6 <./scalar-vector-multiplication.png>] [7] [8] [9] (./Vector-Spaces.aux) ) 
Here is how much of TeX's memory you used:
 2101 strings out of 494880
 28875 string characters out of 6179601
 87108 words of memory out of 5000000
 5401 multiletter control sequences out of 15000+600000
 11102 words of font info for 40 fonts, out of 8000000 for 9000
 36 hyphenation exceptions out of 8191
 41i,8n,25p,337b,208s stack positions out of 5000i,500n,10000p,200000b,80000s
</u
sr/share/texlive/texmf-dist/fonts/type1/public/amsfonts/cm/cmbx10.pfb></usr/sha
re/texlive/texmf-dist/fonts/type1/public/amsfonts/cm/cmbx12.pfb></usr/share/tex
live/texmf-dist/fonts/type1/public/amsfonts/cm/cmmi10.pfb></usr/share/texlive/t
exmf-dist/fonts/type1/public/amsfonts/cm/cmmi7.pfb></usr/share/texlive/texmf-di
st/fonts/type1/public/amsfonts/cm/cmmi8.pfb></usr/share/texlive/texmf-dist/font
s/type1/public/amsfonts/cm/cmr10.pfb></usr/share/texlive/texmf-dist/fonts/type1
/public/amsfonts/cm/cmr12.pfb></usr/share/texlive/texmf-dist/fonts/type1/public
/amsfonts/cm/cmr17.pfb></usr/share/texlive/texmf-dist/fonts/type1/public/amsfon
ts/cm/cmr7.pfb></usr/share/texlive/texmf-dist/fonts/type1/public/amsfonts/cm/cm
r8.pfb></usr/share/texlive/texmf-dist/fonts/type1/public/amsfonts/cm/cmsy10.pfb
>
Output written on Vector-Spaces.pdf (9 pages, 156009 bytes).
PDF statistics:
 87 PDF objects out of 1000 (max. 8388607)
 56 compressed objects within 1 object stream
 0 named destinations out of 1000 (max. 500000)
 21 words of extra memory for PDF output out of 10000 (max. 10000000)

